TN:
SF:src/mod.ts
FN:22,<instance_members_initializer>
FN:25,addObserver
FN:29,removeObserver
FN:33,notify
FN:41,update
FNF:5
FNH:5
FNDA:4,<instance_members_initializer>
FNDA:4,addObserver
FNDA:3,removeObserver
FNDA:6,notify
FNDA:3,update
DA:1,1
DA:2,1
DA:3,1
DA:4,1
DA:5,1
DA:6,1
DA:7,1
DA:8,1
DA:9,1
DA:10,1
DA:11,1
DA:12,1
DA:13,1
DA:14,1
DA:15,1
DA:16,1
DA:17,1
DA:18,1
DA:19,1
DA:20,1
DA:21,1
DA:22,1
DA:23,4
DA:24,4
DA:25,4
DA:26,4
DA:27,4
DA:28,4
DA:29,4
DA:30,3
DA:31,3
DA:32,4
DA:33,4
DA:34,6
DA:35,6
DA:36,4
DA:37,1
DA:38,1
DA:39,1
DA:40,1
DA:41,1
DA:42,3
DA:43,3
DA:44,1
DA:45,1
DA:46,1
DA:47,1
DA:48,1
DA:49,1
DA:50,1
DA:51,1
DA:52,1
DA:53,1
DA:54,1
DA:55,1
DA:56,1
DA:57,1
DA:58,1
LF:58
LH:58
BRDA:22,0,0,4
BRDA:25,1,0,4
BRDA:29,2,0,3
BRDA:30,3,0,3
BRDA:33,4,0,6
BRDA:34,5,0,4
BRDA:41,6,0,3
BRF:7
BRH:7
end_of_record
